{"contracts/mockGweiPump.sol":{"l":{"22":48,"23":48,"48":48,"51":48,"71":10,"83":10,"84":9,"86":10,"87":10,"97":21,"105":21,"113":21,"130":6,"131":4,"147":6,"148":5,"149":4,"150":3,"151":3,"152":1,"154":3,"155":3,"159":3,"160":2},"path":"/home/marcuswentz/github/contracts/tests/unit/contracts/mockGweiPump.sol","s":{"1":48,"2":48,"3":48,"4":48,"5":10,"6":10,"7":9,"8":10,"9":10,"10":21,"11":21,"12":21,"13":6,"14":4,"15":6,"16":5,"17":4,"18":3,"19":3,"20":1,"21":3,"22":3,"23":3,"24":2},"b":{"1":[9,1],"2":[2,4],"3":[1,5],"4":[1,4],"5":[1,3],"6":[1,2],"7":[1,2]},"f":{"1":48,"2":48,"3":10,"4":10,"5":21,"6":21,"7":21,"8":6,"9":6,"10":3},"fnMap":{"1":{"name":"constructor","line":21,"loc":{"start":{"line":21,"column":4},"end":{"line":24,"column":4}}},"2":{"name":"constructor","line":47,"loc":{"start":{"line":47,"column":4},"end":{"line":53,"column":4}}},"3":{"name":"mockChainlinkNodeRequestWtiPrice","line":64,"loc":{"start":{"line":64,"column":4},"end":{"line":72,"column":4}}},"4":{"name":"mockfulfill","line":82,"loc":{"start":{"line":82,"column":4},"end":{"line":88,"column":4}}},"5":{"name":"mockGetLatestMaticUsd","line":95,"loc":{"start":{"line":95,"column":4},"end":{"line":98,"column":4}}},"6":{"name":"mockGetLatestWtiMatic","line":104,"loc":{"start":{"line":104,"column":4},"end":{"line":106,"column":4}}},"7":{"name":"mockWti40Milliliters","line":112,"loc":{"start":{"line":112,"column":4},"end":{"line":114,"column":4}}},"8":{"name":"manualUpKeep","line":129,"loc":{"start":{"line":129,"column":4},"end":{"line":132,"column":4}}},"9":{"name":"mockBuyOil40Milliliters","line":146,"loc":{"start":{"line":146,"column":4},"end":{"line":156,"column":4}}},"10":{"name":"ownerPumpFilledStatus","line":158,"loc":{"start":{"line":158,"column":4},"end":{"line":161,"column":4}}}},"statementMap":{"1":{"start":{"line":22,"column":8},"end":{"line":22,"column":25}},"2":{"start":{"line":23,"column":8},"end":{"line":23,"column":37}},"3":{"start":{"line":48,"column":8},"end":{"line":48,"column":25}},"4":{"start":{"line":51,"column":8},"end":{"line":51,"column":54}},"5":{"start":{"line":71,"column":8},"end":{"line":71,"column":35}},"6":{"start":{"line":83,"column":8},"end":{"line":83,"column":3957}},"7":{"start":{"line":84,"column":12},"end":{"line":84,"column":48}},"8":{"start":{"line":86,"column":8},"end":{"line":86,"column":50}},"9":{"start":{"line":87,"column":8},"end":{"line":87,"column":24}},"10":{"start":{"line":97,"column":8},"end":{"line":97,"column":23}},"11":{"start":{"line":105,"column":8},"end":{"line":105,"column":93}},"12":{"start":{"line":113,"column":8},"end":{"line":113,"column":59}},"13":{"start":{"line":130,"column":8},"end":{"line":130,"column":168}},"14":{"start":{"line":131,"column":8},"end":{"line":131,"column":56}},"15":{"start":{"line":147,"column":8},"end":{"line":147,"column":56}},"16":{"start":{"line":148,"column":8},"end":{"line":148,"column":72}},"17":{"start":{"line":149,"column":8},"end":{"line":149,"column":77}},"18":{"start":{"line":150,"column":8},"end":{"line":150,"column":23}},"19":{"start":{"line":151,"column":8},"end":{"line":151,"column":7657}},"20":{"start":{"line":152,"column":12},"end":{"line":152,"column":77}},"21":{"start":{"line":154,"column":8},"end":{"line":154,"column":53}},"22":{"start":{"line":155,"column":8},"end":{"line":155,"column":24}},"23":{"start":{"line":159,"column":8},"end":{"line":159,"column":51}},"24":{"start":{"line":160,"column":8},"end":{"line":160,"column":28}}},"branchMap":{"1":{"line":83,"type":"if","locations":[{"start":{"line":83,"column":8},"end":{"line":83,"column":8}},{"start":{"line":83,"column":8},"end":{"line":83,"column":8}}]},"2":{"line":130,"type":"if","locations":[{"start":{"line":130,"column":8},"end":{"line":130,"column":8}},{"start":{"line":130,"column":8},"end":{"line":130,"column":8}}]},"3":{"line":147,"type":"if","locations":[{"start":{"line":147,"column":8},"end":{"line":147,"column":8}},{"start":{"line":147,"column":8},"end":{"line":147,"column":8}}]},"4":{"line":148,"type":"if","locations":[{"start":{"line":148,"column":8},"end":{"line":148,"column":8}},{"start":{"line":148,"column":8},"end":{"line":148,"column":8}}]},"5":{"line":149,"type":"if","locations":[{"start":{"line":149,"column":8},"end":{"line":149,"column":8}},{"start":{"line":149,"column":8},"end":{"line":149,"column":8}}]},"6":{"line":151,"type":"if","locations":[{"start":{"line":151,"column":8},"end":{"line":151,"column":8}},{"start":{"line":151,"column":8},"end":{"line":151,"column":8}}]},"7":{"line":159,"type":"if","locations":[{"start":{"line":159,"column":8},"end":{"line":159,"column":8}},{"start":{"line":159,"column":8},"end":{"line":159,"column":8}}]}}}}