TN:
SF:/home/marcuswentz/github/contracts/tests/unit/contracts/mockGweiPump.sol
FN:21,constructor
FN:47,constructor
FN:64,mockChainlinkNodeRequestWtiPrice
FN:82,mockfulfill
FN:95,mockGetLatestMaticUsd
FN:104,mockGetLatestWtiMatic
FN:112,mockWti40Milliliters
FN:129,manualUpKeep
FN:146,mockBuyOil40Milliliters
FN:158,ownerPumpFilledStatus
FNF:10
FNH:10
FNDA:48,constructor
FNDA:48,constructor
FNDA:10,mockChainlinkNodeRequestWtiPrice
FNDA:10,mockfulfill
FNDA:21,mockGetLatestMaticUsd
FNDA:21,mockGetLatestWtiMatic
FNDA:21,mockWti40Milliliters
FNDA:6,manualUpKeep
FNDA:6,mockBuyOil40Milliliters
FNDA:3,ownerPumpFilledStatus
DA:22,48
DA:23,48
DA:48,48
DA:51,48
DA:71,10
DA:83,10
DA:84,9
DA:86,10
DA:87,10
DA:97,21
DA:105,21
DA:113,21
DA:130,6
DA:131,4
DA:147,6
DA:148,5
DA:149,4
DA:150,3
DA:151,3
DA:152,1
DA:154,3
DA:155,3
DA:159,3
DA:160,2
LF:24
LH:24
BRDA:83,1,0,9
BRDA:83,1,1,1
BRDA:130,2,0,2
BRDA:130,2,1,4
BRDA:147,3,0,1
BRDA:147,3,1,5
BRDA:148,4,0,1
BRDA:148,4,1,4
BRDA:149,5,0,1
BRDA:149,5,1,3
BRDA:151,6,0,1
BRDA:151,6,1,2
BRDA:159,7,0,1
BRDA:159,7,1,2
BRF:14
BRH:14
end_of_record
