TN:
SF:/home/marcuswentz/github/contracts/tests/unit/contracts/mockGweiPump.sol
FN:21,constructor
FN:48,constructor
FN:65,mockChainlinkNodeRequestWtiPrice
FN:83,mockfulfill
FN:96,mockGetLatestMaticUsd
FN:105,mockGetLatestWtiMatic
FN:113,mockWti40Milliliters
FN:130,manualUpKeep
FN:147,mockBuyOil40Milliliters
FN:159,ownerPumpFilledStatus
FNF:10
FNH:9
FNDA:39,constructor
FNDA:39,constructor
FNDA:6,mockChainlinkNodeRequestWtiPrice
FNDA:6,mockfulfill
FNDA:18,mockGetLatestMaticUsd
FNDA:18,mockGetLatestWtiMatic
FNDA:18,mockWti40Milliliters
FNDA:0,manualUpKeep
FNDA:6,mockBuyOil40Milliliters
FNDA:3,ownerPumpFilledStatus
DA:22,39
DA:23,39
DA:49,39
DA:52,39
DA:72,6
DA:84,6
DA:85,5
DA:87,6
DA:88,6
DA:98,18
DA:106,18
DA:114,18
DA:131,0
DA:132,0
DA:148,6
DA:149,5
DA:150,4
DA:151,3
DA:152,3
DA:153,2
DA:155,3
DA:156,3
DA:160,3
DA:161,2
LF:24
LH:22
BRDA:84,1,0,5
BRDA:84,1,1,1
BRDA:131,2,0,0
BRDA:131,2,1,0
BRDA:148,3,0,1
BRDA:148,3,1,5
BRDA:149,4,0,1
BRDA:149,4,1,4
BRDA:150,5,0,1
BRDA:150,5,1,3
BRDA:152,6,0,2
BRDA:152,6,1,1
BRDA:160,7,0,1
BRDA:160,7,1,2
BRF:14
BRH:12
end_of_record
