{"contracts/mockGweiPump.sol":{"l":{"22":39,"23":39,"49":39,"52":39,"72":6,"84":6,"85":5,"87":6,"88":6,"98":18,"106":18,"114":18,"131":0,"132":0,"148":6,"149":5,"150":4,"151":3,"152":3,"153":2,"155":3,"156":3,"160":3,"161":2},"path":"/home/marcuswentz/github/contracts/tests/unit/contracts/mockGweiPump.sol","s":{"1":39,"2":39,"3":39,"4":39,"5":6,"6":6,"7":5,"8":6,"9":6,"10":18,"11":18,"12":18,"13":0,"14":0,"15":6,"16":5,"17":4,"18":3,"19":3,"20":2,"21":3,"22":3,"23":3,"24":2},"b":{"1":[5,1],"2":[0,0],"3":[1,5],"4":[1,4],"5":[1,3],"6":[2,1],"7":[1,2]},"f":{"1":39,"2":39,"3":6,"4":6,"5":18,"6":18,"7":18,"8":0,"9":6,"10":3},"fnMap":{"1":{"name":"constructor","line":21,"loc":{"start":{"line":21,"column":4},"end":{"line":24,"column":4}}},"2":{"name":"constructor","line":48,"loc":{"start":{"line":48,"column":4},"end":{"line":54,"column":4}}},"3":{"name":"mockChainlinkNodeRequestWtiPrice","line":65,"loc":{"start":{"line":65,"column":4},"end":{"line":73,"column":4}}},"4":{"name":"mockfulfill","line":83,"loc":{"start":{"line":83,"column":4},"end":{"line":89,"column":4}}},"5":{"name":"mockGetLatestMaticUsd","line":96,"loc":{"start":{"line":96,"column":4},"end":{"line":99,"column":4}}},"6":{"name":"mockGetLatestWtiMatic","line":105,"loc":{"start":{"line":105,"column":4},"end":{"line":107,"column":4}}},"7":{"name":"mockWti40Milliliters","line":113,"loc":{"start":{"line":113,"column":4},"end":{"line":115,"column":4}}},"8":{"name":"manualUpKeep","line":130,"loc":{"start":{"line":130,"column":4},"end":{"line":133,"column":4}}},"9":{"name":"mockBuyOil40Milliliters","line":147,"loc":{"start":{"line":147,"column":4},"end":{"line":157,"column":4}}},"10":{"name":"ownerPumpFilledStatus","line":159,"loc":{"start":{"line":159,"column":4},"end":{"line":162,"column":4}}}},"statementMap":{"1":{"start":{"line":22,"column":8},"end":{"line":22,"column":25}},"2":{"start":{"line":23,"column":8},"end":{"line":23,"column":37}},"3":{"start":{"line":49,"column":8},"end":{"line":49,"column":25}},"4":{"start":{"line":52,"column":8},"end":{"line":52,"column":54}},"5":{"start":{"line":72,"column":8},"end":{"line":72,"column":35}},"6":{"start":{"line":84,"column":8},"end":{"line":84,"column":4013}},"7":{"start":{"line":85,"column":12},"end":{"line":85,"column":48}},"8":{"start":{"line":87,"column":8},"end":{"line":87,"column":50}},"9":{"start":{"line":88,"column":8},"end":{"line":88,"column":24}},"10":{"start":{"line":98,"column":8},"end":{"line":98,"column":23}},"11":{"start":{"line":106,"column":8},"end":{"line":106,"column":119}},"12":{"start":{"line":114,"column":8},"end":{"line":114,"column":59}},"13":{"start":{"line":131,"column":8},"end":{"line":131,"column":168}},"14":{"start":{"line":132,"column":8},"end":{"line":132,"column":56}},"15":{"start":{"line":148,"column":8},"end":{"line":148,"column":56}},"16":{"start":{"line":149,"column":8},"end":{"line":149,"column":72}},"17":{"start":{"line":150,"column":8},"end":{"line":150,"column":77}},"18":{"start":{"line":151,"column":8},"end":{"line":151,"column":23}},"19":{"start":{"line":152,"column":8},"end":{"line":152,"column":7766}},"20":{"start":{"line":153,"column":12},"end":{"line":153,"column":77}},"21":{"start":{"line":155,"column":8},"end":{"line":155,"column":53}},"22":{"start":{"line":156,"column":8},"end":{"line":156,"column":24}},"23":{"start":{"line":160,"column":8},"end":{"line":160,"column":51}},"24":{"start":{"line":161,"column":8},"end":{"line":161,"column":28}}},"branchMap":{"1":{"line":84,"type":"if","locations":[{"start":{"line":84,"column":8},"end":{"line":84,"column":8}},{"start":{"line":84,"column":8},"end":{"line":84,"column":8}}]},"2":{"line":131,"type":"if","locations":[{"start":{"line":131,"column":8},"end":{"line":131,"column":8}},{"start":{"line":131,"column":8},"end":{"line":131,"column":8}}]},"3":{"line":148,"type":"if","locations":[{"start":{"line":148,"column":8},"end":{"line":148,"column":8}},{"start":{"line":148,"column":8},"end":{"line":148,"column":8}}]},"4":{"line":149,"type":"if","locations":[{"start":{"line":149,"column":8},"end":{"line":149,"column":8}},{"start":{"line":149,"column":8},"end":{"line":149,"column":8}}]},"5":{"line":150,"type":"if","locations":[{"start":{"line":150,"column":8},"end":{"line":150,"column":8}},{"start":{"line":150,"column":8},"end":{"line":150,"column":8}}]},"6":{"line":152,"type":"if","locations":[{"start":{"line":152,"column":8},"end":{"line":152,"column":8}},{"start":{"line":152,"column":8},"end":{"line":152,"column":8}}]},"7":{"line":160,"type":"if","locations":[{"start":{"line":160,"column":8},"end":{"line":160,"column":8}},{"start":{"line":160,"column":8},"end":{"line":160,"column":8}}]}}}}